<?xml version='1.0' encoding='UTF-8'?>
<testsuite hostname="portable" name="fp1tests" tests="10" errors="0" failures="0" skipped="0" time="0.084" timestamp="2023-10-17T14:38:14">
          <properties>
      <property name="java.specification.version" value="17"/><property name="sun.cpu.isalist" value="amd64"/><property name="sun.jnu.encoding" value="Cp1252"/><property name="sun.arch.data.model" value="64"/><property name="java.vendor.url" value="https://aws.amazon.com/corretto/"/><property name="sun.boot.library.path" value="C:\Program Files\Amazon Corretto\jdk17.0.8_8\bin"/><property name="sun.java.command" value="xsbt.boot.Boot test"/><property name="jdk.debug" value="release"/><property name="sun.stderr.encoding" value="cp437"/><property name="java.specification.vendor" value="Oracle Corporation"/><property name="java.version.date" value="2023-08-22"/><property name="java.home" value="C:\Program Files\Amazon Corretto\jdk17.0.8_8"/><property name="file.separator" value="\"/><property name="java.vm.compressedOopsMode" value="32-bit"/><property name="line.separator" value="
"/><property name="sun.stdout.encoding" value="cp437"/><property name="java.vm.specification.vendor" value="Oracle Corporation"/><property name="java.specification.name" value="Java Platform API Specification"/><property name="user.script" value=""/><property name="sun.management.compiler" value="HotSpot 64-Bit Tiered Compilers"/><property name="java.runtime.version" value="17.0.8.1+8-LTS"/><property name="user.name" value="henry"/><property name="log4j.ignoreTCL" value="true"/><property name="file.encoding" value="UTF-8"/><property name="jnidispatch.path" value="C:\Users\henry\AppData\Local\Temp\jna-99164440\jna13584882222014965469.dll"/><property name="java.vendor.version" value="Corretto-17.0.8.8.1"/><property name="jna.loaded" value="true"/><property name="java.io.tmpdir" value="C:\Users\henry\AppData\Local\Temp\"/><property name="java.version" value="17.0.8.1"/><property name="java.vm.specification.name" value="Java Virtual Machine Specification"/><property name="sun.os.patch.level" value=""/><property name="native.encoding" value="Cp1252"/><property name="java.library.path" value="C:\Program Files\Amazon Corretto\jdk17.0.8_8\bin;C:\WINDOWS\Sun\Java\bin;C:\WINDOWS\system32;C:\WINDOWS;C:\Program Files\Amazon Corretto\jdk17.0.8_8\bin;C:\Program Files\Amazon Corretto\jdk17.0.8_8\bin;C:\Program Files\Amazon Corretto\jdk11.0.13_8\bin;C:\Python310\Scripts\;C:\Python310\;C:\Python39\Scripts\;C:\Python39\;C:\Windows\system32;C:\Windows;C:\Windows\System32\Wbem;C:\Windows\System32\WindowsPowerShell\v1.0\;C:\Windows\System32\OpenSSH\;C:\ProgramData\chocolatey\bin;C:\Program Files\Git\cmd;C:\Program Files\Microsoft SQL Server\130\Tools\Binn\;C:\Program Files\PuTTY\;C:\Program Files\mingw-w64\x86_64-8.1.0-posix-seh-rt_v6-rev0\mingw64\bin;C:\Program Files\Microsoft SQL Server\150\Tools\Binn\;C:\Program Files\Microsoft SQL Server\Client SDK\ODBC\170\Tools\Binn\;C:\WINDOWS\system32;C:\WINDOWS;C:\WINDOWS\System32\Wbem;C:\WINDOWS\System32\WindowsPowerShell\v1.0\;C:\WINDOWS\System32\OpenSSH\;C:\Program Files\Docker\Docker\resources\bin;C:\Program Files\dotnet\;C:\Program Files (x86)\Microsoft SQL Server\160\DTS\Binn\;C:\Program Files\Azure Data Studio\bin;C:\Program Files\nodejs\;C:\Users\henry\AppData\Local\Microsoft\WindowsApps;C:\Users\henry\AppData\Local\Programs\Microsoft VS Code\bin;C:\Program Files\heroku\bin;C:\Users\henry\.dotnet\tools;C:\Python35\Scripts;C:\Program Files\Azure Data Studio\bin;C:\Users\henry\AppData\Roaming\npm;C:\Program Files\JetBrains\IntelliJ IDEA Community Edition 2023.1.2\bin;C:\Users\henry\AppData\Roaming\Python\Python310\Scripts;C:\Users\henry\AppData\Local\Coursier\data\bin;C:\Users\henry\AppData\Local\GitHubDesktop\bin;C:\Ruby32-x64\bin;C:\tools\ruby31\bin;;."/><property name="java.vendor" value="Amazon.com Inc."/><property name="scala.ext.dirs" value="C:\Users\henry\.sbt\1.0\java9-rt-ext-amazon_com_inc__17_0_8_1"/><property name="sun.io.unicode.encoding" value="UnicodeLittle"/><property name="java.class.path" value="C:\Users\henry\AppData\Local\Coursier\cache\arc\https\github.com\sbt\sbt\releases\download\v1.9.4\sbt-1.9.4.zip\sbt\bin\sbt-launch.jar"/><property name="java.vm.vendor" value="Amazon.com Inc."/><property name="user.variant" value=""/><property name="jline.shutdownhook" value="false"/><property name="user.timezone" value="America/Chicago"/><property name="java.vm.specification.version" value="17"/><property name="os.name" value="Windows 11"/><property name="sun.java.launcher" value="SUN_STANDARD"/><property name="user.country" value="US"/><property name="sun.cpu.endian" value="little"/><property name="user.home" value="C:\Users\henry"/><property name="user.language" value="en"/><property name="sbt.ipcsocket.tmpdir" value="C:\Users\henry\AppData\Local\Temp\.sbtc0ed4862\ipcsocket"/><property name="swoval.tmpdir" value="C:\Users\henry\AppData\Local\Temp\.sbtc0ed4862\swoval"/><property name="jline.esc.timeout" value="0"/><property name="path.separator" value=";"/><property name="os.version" value="10.0"/><property name="jna.nosys" value="true"/><property name="java.runtime.name" value="OpenJDK Runtime Environment"/><property name="java.vm.name" value="OpenJDK 64-Bit Server VM"/><property name="java.vendor.url.bug" value="https://github.com/corretto/corretto-17/issues/"/><property name="user.dir" value="C:\Users\henry\source\repos\ProgrammingLanguages\hw05a"/><property name="os.arch" value="amd64"/><property name="java.vm.info" value="mixed mode, sharing"/><property name="java.vm.version" value="17.0.8.1+8-LTS"/><property name="java.class.version" value="61.0"/>
    </properties>
          <testcase classname="fp1tests" name="EX01 - factTest" time="0.03">
                      
                    </testcase><testcase classname="fp1tests" name="EX02 - fib" time="0.017">
                      
                    </testcase><testcase classname="fp1tests" name="EX03 - p1" time="0.0">
                      
                    </testcase><testcase classname="fp1tests" name="EX04 - t1" time="0.017">
                      
                    </testcase><testcase classname="fp1tests" name="EX05 - swap" time="0.0">
                      
                    </testcase><testcase classname="fp1tests" name="EX06 - sum" time="0.0">
                      
                    </testcase><testcase classname="fp1tests" name="EX07 - sumTail" time="0.0">
                      
                    </testcase><testcase classname="fp1tests" name="EX08 - maxList" time="0.012">
                      
                    </testcase><testcase classname="fp1tests" name="EX09 - maxTailAux" time="0.0">
                      
                    </testcase><testcase classname="fp1tests" name="EX10 - otpu" time="0.008">
                      
                    </testcase>
          <system-out><![CDATA[]]></system-out>
          <system-err><![CDATA[]]></system-err>
        </testsuite>